<?xml version="1.0" encoding="UTF-8"?>
<testng-results skipped="0" failed="0" ignored="0" total="2" passed="2">
  <reporter-output>
  </reporter-output>
  <suite name="inetBankingV2" duration-ms="63557" started-at="2023-06-09T05:29:20Z" finished-at="2023-06-09T05:30:23Z">
    <groups>
    </groups>
    <test name="Banking App Test" duration-ms="63557" started-at="2023-06-09T05:29:20Z" finished-at="2023-06-09T05:30:23Z">
      <class name="com.inetBankingV2.testCases.TC_LoginTest_001">
        <test-method status="PASS" signature="setup(java.lang.String)[pri:0, instance:com.inetBankingV2.testCases.TC_LoginTest_001@7a4ccb53]" name="setup" is-config="true" duration-ms="12991" started-at="2023-06-09T05:29:20Z" finished-at="2023-06-09T05:29:33Z">
          <params>
            <param index="0">
              <value>
                <![CDATA[chrome]]>
              </value>
            </param>
          </params>
          <reporter-output>
          </reporter-output>
        </test-method> <!-- setup -->
        <test-method status="PASS" signature="loginTest()[pri:0, instance:com.inetBankingV2.testCases.TC_LoginTest_001@7a4ccb53]" name="loginTest" duration-ms="2608" started-at="2023-06-09T05:29:33Z" finished-at="2023-06-09T05:29:36Z">
          <reporter-output>
          </reporter-output>
        </test-method> <!-- loginTest -->
        <test-method status="PASS" signature="tearDown()[pri:0, instance:com.inetBankingV2.testCases.TC_LoginTest_001@7a4ccb53]" name="tearDown" is-config="true" duration-ms="932" started-at="2023-06-09T05:29:36Z" finished-at="2023-06-09T05:29:37Z">
          <reporter-output>
          </reporter-output>
        </test-method> <!-- tearDown -->
      </class> <!-- com.inetBankingV2.testCases.TC_LoginTest_001 -->
      <class name="com.inetBankingV2.testCases.TC_AddNewCustomerTest_003">
        <test-method status="PASS" signature="setup(java.lang.String)[pri:0, instance:com.inetBankingV2.testCases.TC_AddNewCustomerTest_003@309e345f]" name="setup" is-config="true" duration-ms="11421" started-at="2023-06-09T05:29:37Z" finished-at="2023-06-09T05:29:48Z">
          <params>
            <param index="0">
              <value>
                <![CDATA[chrome]]>
              </value>
            </param>
          </params>
          <reporter-output>
          </reporter-output>
        </test-method> <!-- setup -->
        <test-method status="PASS" signature="addNewCustomer()[pri:0, instance:com.inetBankingV2.testCases.TC_AddNewCustomerTest_003@309e345f]" name="addNewCustomer" duration-ms="34269" started-at="2023-06-09T05:29:48Z" finished-at="2023-06-09T05:30:22Z">
          <reporter-output>
          </reporter-output>
        </test-method> <!-- addNewCustomer -->
        <test-method status="PASS" signature="tearDown()[pri:0, instance:com.inetBankingV2.testCases.TC_AddNewCustomerTest_003@309e345f]" name="tearDown" is-config="true" duration-ms="1056" started-at="2023-06-09T05:30:22Z" finished-at="2023-06-09T05:30:23Z">
          <reporter-output>
          </reporter-output>
        </test-method> <!-- tearDown -->
      </class> <!-- com.inetBankingV2.testCases.TC_AddNewCustomerTest_003 -->
    </test> <!-- Banking App Test -->
  </suite> <!-- inetBankingV2 -->
</testng-results>
