<?xml version="1.0" encoding="UTF-8"?>
<!-- Generated by org.testng.reporters.JUnitXMLReporter -->
<testsuite hostname="Manish-Mali" ignored="0" name="Banking App Test" tests="2" failures="0" timestamp="14 Jan 2023 04:06:36 GMT" time="88.342" errors="0">
  <testcase name="loginTest" time="5.065" classname="com.inetBankingV2.testCases.TC_LoginTest_001"/>
  <testcase name="addNewCustomer" time="37.187" classname="com.inetBankingV2.testCases.TC_AddNewCustomerTest_003"/>
</testsuite> <!-- Banking App Test -->
