<?xml version="1.0" encoding="UTF-8"?>
<!-- Generated by org.testng.reporters.JUnitXMLReporter -->
<testsuite hostname="Manish-Mali" ignored="0" name="Banking App Test" tests="2" failures="0" timestamp="09 Jun 2023 05:30:24 GMT" time="63.557" errors="0">
  <testcase name="loginTest" time="2.608" classname="com.inetBankingV2.testCases.TC_LoginTest_001"/>
  <testcase name="addNewCustomer" time="34.269" classname="com.inetBankingV2.testCases.TC_AddNewCustomerTest_003"/>
</testsuite> <!-- Banking App Test -->
